2019-05-16 15:40:02,104 - __main__ - ERROR - Symbol В not in dict
2019-05-16 15:40:02,105 - __main__ - ERROR - Symbol 1 not in dict
2019-05-16 15:40:02,105 - __main__ - ERROR - Symbol 6 not in dict
2019-05-16 15:40:02,105 - __main__ - ERROR - Symbol В not in dict
2019-05-16 15:40:02,105 - __main__ - ERROR - Symbol У not in dict
2019-05-16 15:40:02,105 - __main__ - ERROR - Symbol В not in dict
2019-05-16 15:40:02,106 - __main__ - ERROR - Symbol З not in dict
2019-05-16 15:40:02,106 - __main__ - ERROR - Symbol . not in dict
2019-05-16 15:40:02,106 - __main__ - ERROR - Symbol Н not in dict
2019-05-16 15:40:02,106 - __main__ - ERROR - Symbol . not in dict
2019-05-16 15:40:02,106 - __main__ - ERROR - Symbol В not in dict
2019-05-16 15:40:02,107 - __main__ - ERROR - Symbol : not in dict
2019-05-16 15:40:02,107 - __main__ - ERROR - Symbol , not in dict
2019-05-16 15:40:02,107 - __main__ - ERROR - Symbol В not in dict
2019-05-16 15:40:02,107 - __main__ - ERROR - Symbol . not in dict
2019-05-16 15:40:02,108 - __main__ - ERROR - Symbol " not in dict
2019-05-16 15:40:02,108 - __main__ - ERROR - Symbol В not in dict
2019-05-16 15:40:02,108 - __main__ - ERROR - Symbol . not in dict
2019-05-16 15:40:02,108 - __main__ - ERROR - Symbol Б not in dict
2019-05-16 15:40:02,108 - __main__ - ERROR - Symbol . not in dict
2019-05-16 15:40:02,108 - __main__ - ERROR - Symbol В not in dict
2019-05-16 15:40:02,108 - __main__ - ERROR - Symbol В not in dict
2019-05-16 15:40:02,108 - __main__ - ERROR - Symbol З not in dict
2019-05-16 15:40:02,108 - __main__ - ERROR - Symbol . not in dict
2019-05-16 15:40:02,108 - __main__ - ERROR - Symbol В not in dict
2019-05-16 15:40:02,108 - __main__ - ERROR - Symbol , not in dict
2019-05-16 15:40:02,109 - __main__ - ERROR - Symbol , not in dict
2019-05-16 15:40:02,109 - __main__ - ERROR - Symbol . not in dict
2019-05-16 15:40:02,109 - __main__ - ERROR - Symbol П not in dict
2019-05-16 15:40:02,109 - __main__ - ERROR - Symbol , not in dict
2019-05-16 15:40:02,110 - __main__ - ERROR - Symbol - not in dict
2019-05-16 15:40:02,110 - __main__ - ERROR - Symbol , not in dict
2019-05-16 15:40:02,110 - __main__ - ERROR - Symbol П not in dict
2019-05-16 15:40:02,110 - __main__ - ERROR - Symbol , not in dict
2019-05-16 15:40:02,112 - __main__ - ERROR - Symbol , not in dict
2019-05-16 15:40:02,112 - __main__ - ERROR - Symbol " not in dict
2019-05-16 15:40:02,112 - __main__ - ERROR - Symbol . not in dict
2019-05-16 15:40:02,112 - __main__ - ERROR - Symbol В not in dict
2019-05-16 15:40:02,112 - __main__ - ERROR - Symbol . not in dict
2019-05-16 15:40:02,114 - __main__ - ERROR - Symbol В not in dict
2019-05-16 15:40:02,114 - __main__ - ERROR - Symbol З not in dict
2019-05-16 15:40:02,114 - __main__ - ERROR - Symbol У not in dict
2019-05-16 15:40:02,114 - __main__ - ERROR - Symbol 2 not in dict
2019-05-16 15:40:02,114 - __main__ - ERROR - Symbol 1 not in dict
2019-05-16 15:40:02,114 - __main__ - ERROR - Symbol , not in dict
2019-05-16 15:40:02,114 - __main__ - ERROR - Symbol . not in dict
2019-05-16 15:40:02,114 - __main__ - ERROR - Symbol Н not in dict
2019-05-16 15:40:02,116 - __main__ - ERROR - Symbol - not in dict
2019-05-16 15:40:02,116 - __main__ - ERROR - Symbol . not in dict
2019-05-16 15:40:02,118 - __main__ - ERROR - Symbol Ф not in dict
2019-05-16 15:40:02,118 - __main__ - ERROR - Symbol : not in dict
2019-05-16 15:40:02,118 - __main__ - ERROR - Symbol 3 not in dict
2019-05-16 15:40:02,118 - __main__ - ERROR - Symbol 0 not in dict
2019-05-16 15:40:02,120 - __main__ - ERROR - Symbol . not in dict
2019-05-16 15:40:02,120 - __main__ - ERROR - Symbol О not in dict
2019-05-16 15:40:02,120 - __main__ - ERROR - Symbol 3 not in dict
2019-05-16 15:40:02,120 - __main__ - ERROR - Symbol , not in dict
2019-05-16 15:40:02,120 - __main__ - ERROR - Symbol 3 not in dict
2019-05-16 15:40:02,121 - __main__ - ERROR - Symbol . not in dict
2019-05-16 15:40:02,122 - __main__ - ERROR - Symbol О not in dict
2019-05-16 15:40:02,122 - __main__ - ERROR - Symbol , not in dict
2019-05-16 15:40:02,122 - __main__ - ERROR - Symbol , not in dict
2019-05-16 15:40:02,122 - __main__ - ERROR - Symbol . not in dict
2019-05-16 15:40:02,122 - __main__ - ERROR - Symbol Н not in dict
2019-05-16 15:40:02,125 - __main__ - ERROR - Symbol П not in dict
2019-05-16 15:40:02,125 - __main__ - ERROR - Symbol П not in dict
2019-05-16 15:40:02,125 - __main__ - ERROR - Symbol " not in dict
2019-05-16 15:40:02,125 - __main__ - ERROR - Symbol " not in dict
2019-05-16 15:40:02,125 - __main__ - ERROR - Symbol В not in dict
2019-05-16 15:40:02,127 - __main__ - ERROR - Symbol , not in dict
2019-05-16 15:40:02,127 - __main__ - ERROR - Symbol 1 not in dict
2019-05-16 15:40:02,127 - __main__ - ERROR - Symbol 9 not in dict
2019-05-16 15:40:02,127 - __main__ - ERROR - Symbol . not in dict
2019-05-16 15:40:02,128 - __main__ - ERROR - Symbol Н not in dict
2019-05-16 15:40:02,128 - __main__ - ERROR - Symbol У not in dict
2019-05-16 15:40:02,128 - __main__ - ERROR - Symbol . not in dict
2019-05-16 15:40:02,129 - __main__ - ERROR - Symbol " not in dict
2019-05-16 15:40:02,129 - __main__ - ERROR - Symbol М not in dict
2019-05-16 15:40:02,129 - __main__ - ERROR - Symbol , not in dict
2019-05-16 15:40:02,129 - __main__ - ERROR - Symbol - not in dict
2019-05-16 15:40:02,129 - __main__ - ERROR - Symbol ( not in dict
2019-05-16 15:40:02,129 - __main__ - ERROR - Symbol У not in dict
2019-05-16 15:40:02,129 - __main__ - ERROR - Symbol ) not in dict
2019-05-16 15:40:02,129 - __main__ - ERROR - Symbol - not in dict
2019-05-16 15:40:02,129 - __main__ - ERROR - Symbol , not in dict
2019-05-16 15:40:02,129 - __main__ - ERROR - Symbol " not in dict
2019-05-16 15:40:02,130 - __main__ - ERROR - Symbol , not in dict
2019-05-16 15:40:02,130 - __main__ - ERROR - Symbol - not in dict
2019-05-16 15:40:02,132 - __main__ - ERROR - Symbol , not in dict
2019-05-16 15:40:02,132 - __main__ - ERROR - Symbol 1 not in dict
2019-05-16 15:40:02,132 - __main__ - ERROR - Symbol 5 not in dict
2019-05-16 15:40:02,132 - __main__ - ERROR - Symbol , not in dict
2019-05-16 15:40:02,132 - __main__ - ERROR - Symbol - not in dict
2019-05-16 15:40:02,132 - __main__ - ERROR - Symbol В not in dict
2019-05-16 15:40:02,132 - __main__ - ERROR - Symbol П not in dict
2019-05-16 15:40:02,132 - __main__ - ERROR - Symbol Д not in dict
2019-05-16 15:40:02,132 - __main__ - ERROR - Symbol П not in dict
2019-05-16 15:40:02,132 - __main__ - ERROR - Symbol , not in dict
2019-05-16 15:40:02,132 - __main__ - ERROR - Symbol , not in dict
2019-05-16 15:40:02,132 - __main__ - ERROR - Symbol К not in dict
2019-05-16 15:40:02,134 - __main__ - ERROR - Symbol К not in dict
2019-05-16 15:40:02,135 - __main__ - ERROR - Symbol Р not in dict
2019-05-16 15:40:02,135 - __main__ - ERROR - Symbol . not in dict
2019-05-16 15:40:02,137 - __main__ - ERROR - Symbol П not in dict
2019-05-16 15:40:02,137 - __main__ - ERROR - Symbol , not in dict
2019-05-16 15:40:02,137 - __main__ - ERROR - Symbol В not in dict
2019-05-16 15:40:02,137 - __main__ - ERROR - Symbol З not in dict
2019-05-16 15:40:02,137 - __main__ - ERROR - Symbol . not in dict
2019-05-16 15:40:02,139 - __main__ - ERROR - Symbol О not in dict
2019-05-16 15:40:02,139 - __main__ - ERROR - Symbol , not in dict
2019-05-16 15:40:02,139 - __main__ - ERROR - Symbol , not in dict
2019-05-16 15:40:02,139 - __main__ - ERROR - Symbol - not in dict
2019-05-16 15:40:02,141 - __main__ - ERROR - Symbol . not in dict
2019-05-16 15:40:02,142 - __main__ - ERROR - Symbol Д not in dict
2019-05-16 15:40:02,142 - __main__ - ERROR - Symbol , not in dict
2019-05-16 15:40:02,142 - __main__ - ERROR - Symbol У not in dict
2019-05-16 15:40:02,142 - __main__ - ERROR - Symbol . not in dict
2019-05-16 15:40:02,142 - __main__ - ERROR - Symbol В not in dict
2019-05-16 15:40:02,142 - __main__ - ERROR - Symbol - not in dict
2019-05-16 15:40:02,144 - __main__ - ERROR - Symbol . not in dict
2019-05-16 15:40:02,144 - __main__ - ERROR - Symbol Н not in dict
2019-05-16 15:40:02,144 - __main__ - ERROR - Symbol К not in dict
2019-05-16 15:40:02,144 - __main__ - ERROR - Symbol , not in dict
2019-05-16 15:40:02,146 - __main__ - ERROR - Symbol , not in dict
2019-05-16 15:40:02,146 - __main__ - ERROR - Symbol З not in dict
2019-05-16 15:40:02,147 - __main__ - ERROR - Symbol , not in dict
2019-05-16 15:40:02,147 - __main__ - ERROR - Symbol , not in dict
2019-05-16 15:40:02,147 - __main__ - ERROR - Symbol , not in dict
2019-05-16 15:40:02,147 - __main__ - ERROR - Symbol Р not in dict
2019-05-16 15:40:02,147 - __main__ - ERROR - Symbol . not in dict
